app.utils.logger - 2020-06-12 09:47:09,617 - INFO: Get request to landing page '/' 
app.utils.logger - 2020-06-12 09:47:10,585 - INFO: Get request to landing page '/' 
app.utils.logger - 2020-06-12 09:51:52,284 - INFO: Job enqueued: Task queued at Fri 12 Jun 2020 00:51. 0 Jobs Queued
app.utils.logger - 2020-06-12 09:51:52,292 - INFO: word counter result from URL: https://www.politico.com/news/2020/03/20/trump-hypes-unproven-coronavirus-drugs-139525
app.utils.logger - 2020-06-12 09:51:53,742 - INFO: Scraped words: 215 words
app.utils.logger - 2020-06-12 09:52:39,283 - INFO: Job enqueued: Task queued at Fri 12 Jun 2020 00:52. 0 Jobs Queued
app.utils.logger - 2020-06-12 09:52:39,308 - INFO: sent analyzer result from URL: https://www.politico.com/news/2020/03/20/trump-hypes-unproven-coronavirus-drugs-139525
app.utils.logger - 2020-06-12 09:52:40,313 - INFO: Scraped sentiments: 25 sentiments
app.utils.logger - 2020-06-12 11:07:58,335 - INFO: Job enqueued: Task queued at Fri 12 Jun 2020 02:07. 0 Jobs Queued
app.utils.logger - 2020-06-12 11:07:58,342 - INFO: word counter result from URL: https://www.politico.com/news/2020/03/20/trump-hypes-unproven-coronavirus-drugs-139525
app.utils.logger - 2020-06-12 11:07:58,943 - INFO: Scraped words: 215 words
app.utils.logger - 2020-06-12 11:08:30,442 - INFO: Job enqueued: Task queued at Fri 12 Jun 2020 02:08. 0 Jobs Queued
app.utils.logger - 2020-06-12 11:08:30,461 - INFO: word counter result from URL: https://www.pcgamer.com/mafia-2-review/
app.utils.logger - 2020-06-12 11:08:33,560 - INFO: Scraped words: 529 words
app.utils.logger - 2020-06-12 11:08:59,927 - INFO: Job enqueued: Task queued at Fri 12 Jun 2020 02:08. 0 Jobs Queued
app.utils.logger - 2020-06-12 11:08:59,954 - INFO: word counter result from URL: https://www.ign.com/articles/the-invisible-man-review
app.utils.logger - 2020-06-12 11:09:02,193 - INFO: Scraped words: 45 words
app.utils.logger - 2020-06-12 11:09:19,612 - INFO: Job enqueued: Task queued at Fri 12 Jun 2020 02:09. 0 Jobs Queued
app.utils.logger - 2020-06-12 11:09:19,639 - INFO: word counter result from URL: https://www.youtube.com/playlist?list=WL
app.utils.logger - 2020-06-12 11:09:20,725 - INFO: Scraped words: 0 words
app.utils.logger - 2020-06-12 11:15:10,358 - INFO: Job enqueued: Task queued at Fri 12 Jun 2020 02:15. 0 Jobs Queued
app.utils.logger - 2020-06-12 11:15:10,371 - INFO: word counter result from URL: https://www.politico.com/news/2020/03/20/trump-hypes-unproven-coronavirus-drugs-139525
app.utils.logger - 2020-06-12 11:15:12,180 - INFO: Scraped words: 215 words
app.utils.logger - 2020-06-12 11:15:18,173 - INFO: Job enqueued: Task queued at Fri 12 Jun 2020 02:15. 0 Jobs Queued
app.utils.logger - 2020-06-12 11:15:18,177 - INFO: word counter result from URL: https://www.youtube.com/playlist?list=WL
app.utils.logger - 2020-06-12 11:15:19,329 - INFO: Scraped words: 0 words
app.utils.logger - 2020-06-12 11:18:00,017 - INFO: Job enqueued: Task queued at Fri 12 Jun 2020 02:18. 0 Jobs Queued
app.utils.logger - 2020-06-12 11:18:00,037 - INFO: word counter result from URL: https://www.politico.com/news/2020/03/20/trump-hypes-unproven-coronavirus-drugs-139525
app.utils.logger - 2020-06-12 11:18:00,582 - INFO: Scraped words: 215 words
app.utils.logger - 2020-06-12 11:18:08,019 - INFO: Job enqueued: Task queued at Fri 12 Jun 2020 02:18. 0 Jobs Queued
app.utils.logger - 2020-06-12 11:18:08,048 - INFO: word counter result from URL: https://www.youtube.com/playlist?list=WL
app.utils.logger - 2020-06-12 11:20:07,509 - INFO: Job enqueued: Task queued at Fri 12 Jun 2020 02:20. 0 Jobs Queued
app.utils.logger - 2020-06-12 11:20:07,527 - INFO: word counter result from URL: https://www.pcgamer.com/mafia-2-review/
app.utils.logger - 2020-06-12 11:20:10,569 - INFO: Scraped words: 529 words
app.utils.logger - 2020-06-12 11:20:17,580 - INFO: Job enqueued: Task queued at Fri 12 Jun 2020 02:20. 0 Jobs Queued
app.utils.logger - 2020-06-12 11:20:17,602 - INFO: word counter result from URL: https://www.politico.com/news/2020/03/20/trump-hypes-unproven-coronavirus-drugs-139525
app.utils.logger - 2020-06-12 11:20:18,304 - INFO: Scraped words: 215 words
app.utils.logger - 2020-06-12 11:21:25,194 - INFO: Job enqueued: Task queued at Fri 12 Jun 2020 02:21. 0 Jobs Queued
app.utils.logger - 2020-06-12 11:21:25,221 - INFO: word counter result from URL: https://www.politico.com/news/2020/03/20/trump-hypes-unproven-coronavirus-drugs-139525
app.utils.logger - 2020-06-12 11:21:25,819 - INFO: Scraped words: 215 words
app.utils.logger - 2020-06-12 11:21:38,622 - INFO: Job enqueued: Task queued at Fri 12 Jun 2020 02:21. 0 Jobs Queued
app.utils.logger - 2020-06-12 11:21:38,652 - INFO: word counter result from URL: https://www.youtube.com/playlist?list=WL
app.utils.logger - 2020-06-12 11:24:49,927 - INFO: Job enqueued: Task queued at Fri 12 Jun 2020 02:24. 0 Jobs Queued
app.utils.logger - 2020-06-12 11:24:49,964 - INFO: word counter result from URL: https://www.gamesradar.com/mafia-2-definitive-edition-is-the-perfect-opportunity-to-discover-a-forgotten-classic/
app.utils.logger - 2020-06-12 11:24:53,195 - INFO: Scraped words: 407 words
app.utils.logger - 2020-06-12 11:25:49,630 - INFO: Job enqueued: Task queued at Fri 12 Jun 2020 02:25. 0 Jobs Queued
app.utils.logger - 2020-06-12 11:25:49,654 - INFO: word counter result from URL: https://www.gamesradar.com/mafia-2-definitive-edition-is-the-perfect-opportunity-to-discover-a-forgotten-classic/
app.utils.logger - 2020-06-12 11:25:49,658 - INFO: Scraped words: 407 words
app.utils.logger - 2020-06-12 11:25:53,423 - INFO: Job enqueued: Task queued at Fri 12 Jun 2020 02:25. 1 Jobs Queued
app.utils.logger - 2020-06-12 11:25:53,433 - INFO: word counter result from URL: https://www.politico.com/news/2020/03/20/trump-hypes-unproven-coronavirus-drugs-139525
app.utils.logger - 2020-06-12 11:25:55,225 - INFO: Scraped words: 215 words
app.utils.logger - 2020-06-12 11:26:12,913 - INFO: Job enqueued: Task queued at Fri 12 Jun 2020 02:26. 0 Jobs Queued
app.utils.logger - 2020-06-12 11:26:12,939 - INFO: word counter result from URL: https://book.pythontips.com/en/latest/ternary_operators.html
app.utils.logger - 2020-06-12 11:26:13,536 - INFO: Scraped words: 83 words
app.utils.logger - 2020-06-12 11:26:20,980 - INFO: Job enqueued: Task queued at Fri 12 Jun 2020 02:26. 0 Jobs Queued
app.utils.logger - 2020-06-12 11:26:21,015 - INFO: word counter result from URL: https://www.youtube.com/playlist?list=WL
app.utils.logger - 2020-06-12 11:27:32,611 - INFO: word counter result from URL: https://www.youtube.com/playlist?list=WL
app.utils.logger - 2020-06-12 11:27:46,613 - INFO: Job enqueued: Task queued at Fri 12 Jun 2020 02:27. 0 Jobs Queued
app.utils.logger - 2020-06-12 11:27:46,621 - INFO: word counter result from URL: https://www.youtube.com/playlist?list=WL
app.utils.logger - 2020-06-12 11:28:07,023 - INFO: word counter result from URL: https://www.youtube.com/playlist?list=WL
app.utils.logger - 2020-06-12 11:28:17,539 - INFO: word counter result from URL: https://www.youtube.com/playlist?list=WL
app.utils.logger - 2020-06-12 11:28:56,709 - INFO: word counter result from URL: https://www.youtube.com/playlist?list=WL
app.utils.logger - 2020-06-12 11:29:03,313 - INFO: Job enqueued: Task queued at Fri 12 Jun 2020 02:29. 0 Jobs Queued
app.utils.logger - 2020-06-12 11:29:03,321 - INFO: word counter result from URL: https://www.youtube.com/playlist?list=WL
app.utils.logger - 2020-06-12 11:29:22,015 - INFO: Job enqueued: Task queued at Fri 12 Jun 2020 02:29. 0 Jobs Queued
app.utils.logger - 2020-06-12 11:29:22,021 - INFO: sent analyzer result from URL: https://www.pcgamer.com/mafia-2-review/
app.utils.logger - 2020-06-12 11:29:25,033 - INFO: Scraped sentiments: 57 sentiments
app.utils.logger - 2020-06-12 11:31:13,335 - INFO: Job enqueued: Task queued at Fri 12 Jun 2020 02:31. 0 Jobs Queued
app.utils.logger - 2020-06-12 11:31:13,366 - INFO: sent analyzer result from URL: https://www.youtube.com/playlist?list=WL
app.utils.logger - 2020-06-12 11:31:19,365 - INFO: Job enqueued: Task queued at Fri 12 Jun 2020 02:31. 0 Jobs Queued
app.utils.logger - 2020-06-12 11:31:19,374 - INFO: sent analyzer result from URL: https://www.pcgamer.com/mafia-2-review/
app.utils.logger - 2020-06-12 11:31:22,388 - INFO: Scraped sentiments: 57 sentiments
